#
# There is insufficient memory for the Java Runtime Environment to continue.
# Native memory allocation (malloc) failed to allocate 149136 bytes for Chunk::new
# Possible reasons:
#   The system is out of physical RAM or swap space
#   The process is running with CompressedOops enabled, and the Java Heap may be blocking the growth of the native heap
# Possible solutions:
#   Reduce memory load on the system
#   Increase physical memory or swap space
#   Check if swap backing store is full
#   Decrease Java heap size (-Xmx/-Xms)
#   Decrease number of Java threads
#   Decrease Java thread stack sizes (-Xss)
#   Set larger code cache with -XX:ReservedCodeCacheSize=
#   JVM is running with Unscaled Compressed Oops mode in which the Java heap is
#     placed in the first 4GB address space. The Java Heap base address is the
#     maximum limit for the native heap growth. Please use -XX:HeapBaseMinAddress
#     to set the Java Heap base and to place the Java Heap above 4GB virtual address.
# This output file may be truncated or incomplete.
#
#  Out of Memory Error (src/hotspot/share/memory/arena.cpp:197), pid=12576, tid=15428
#
# JRE version: OpenJDK Runtime Environment (11.0.15) (build 11.0.15+0-b2043.56-9505619)
# Java VM: OpenJDK 64-Bit Server VM (11.0.15+0-b2043.56-9505619, mixed mode, tiered, compressed oops, g1 gc, windows-amd64)
# No core dump will be written. Minidumps are not enabled by default on client versions of Windows
#

---------------  S U M M A R Y ------------

Command Line: --add-opens=java.base/java.util=ALL-UNNAMED --add-opens=java.base/java.lang=ALL-UNNAMED --add-opens=java.base/java.lang.invoke=ALL-UNNAMED --add-opens=java.base/java.util=ALL-UNNAMED --add-opens=java.prefs/java.util.prefs=ALL-UNNAMED --add-opens=java.prefs/java.util.prefs=ALL-UNNAMED --add-opens=java.base/java.nio.charset=ALL-UNNAMED --add-opens=java.base/java.net=ALL-UNNAMED --add-opens=java.base/java.util.concurrent.atomic=ALL-UNNAMED -Xmx1536M -Dfile.encoding=windows-1252 -Duser.country=US -Duser.language=en -Duser.variant org.gradle.launcher.daemon.bootstrap.GradleDaemon 7.5

Host: Intel(R) Core(TM) i5-5200U CPU @ 2.20GHz, 4 cores, 7G,  Windows 10 , 64 bit Build 19041 (10.0.19041.2546)
Time: Sun Apr  9 18:35:04 2023 Central Europe Daylight Time elapsed time: 89.581068 seconds (0d 0h 1m 29s)

---------------  T H R E A D  ---------------

Current thread (0x000002551d0a7800):  JavaThread "C2 CompilerThread0" daemon [_thread_in_native, id=15428, stack(0x0000009fb1c00000,0x0000009fb1d00000)]


Current CompileTask:
C2:  89581 11867       4       java.util.concurrent.locks.AbstractQueuedSynchronizer$ConditionObject::awaitNanos (181 bytes)

Stack: [0x0000009fb1c00000,0x0000009fb1d00000]
Native frames: (J=compiled Java code, j=interpreted, Vv=VM code, C=native code)
V  [jvm.dll+0x64135a]
V  [jvm.dll+0x7d39f9]
V  [jvm.dll+0x7d51b9]
V  [jvm.dll+0x7d58a3]
V  [jvm.dll+0x2691c5]
V  [jvm.dll+0xc1a5c]
V  [jvm.dll+0xc200c]
V  [jvm.dll+0x3774a7]
V  [jvm.dll+0x1b3405]
V  [jvm.dll+0x22163e]
V  [jvm.dll+0x220498]
V  [jvm.dll+0x19e851]
V  [jvm.dll+0x230479]
V  [jvm.dll+0x22e5ef]
V  [jvm.dll+0x794de1]
V  [jvm.dll+0x78dc24]
V  [jvm.dll+0x6400f6]
C  [ucrtbase.dll+0x21bb2]
C  [KERNEL32.DLL+0x17614]
C  [ntdll.dll+0x526a1]


---------------  P R O C E S S  ---------------

Threads class SMR info:
_java_thread_list=0x000002552833cca0, length=89, elements={
0x0000025502814800, 0x000002551d07f800, 0x000002551d08b800, 0x000002551d0a2000,
0x000002551d0a2800, 0x000002551d0a6000, 0x000002551d0a7800, 0x000002551d0ad000,
0x000002551d0c9800, 0x000002551db5f800, 0x000002551f2b8000, 0x000002551ecb1800,
0x000002551fa9f000, 0x000002551ec56000, 0x000002551ecf3000, 0x000002551eda7800,
0x000002551ecda800, 0x000002551edbe800, 0x000002551ede2000, 0x000002551f4b3000,
0x000002551ec17800, 0x000002551ec1e000, 0x000002551ec1b800, 0x000002551ec18000,
0x000002551ec19000, 0x000002551ec1c000, 0x000002551ec19800, 0x000002551ec1a800,
0x000002551ec1d000, 0x000002551ea6a000, 0x000002551ea6c800, 0x000002551ea6b000,
0x000002551ea6d800, 0x000002551ea74000, 0x000002551ea72000, 0x000002551ea71800,
0x000002551ea6e000, 0x000002551ea73000, 0x000002551ea74800, 0x000002551ea6f000,
0x000002551ea75800, 0x000002551ea6f800, 0x000002551ea76000, 0x00000255221ec800,
0x00000255221ea000, 0x00000255221f0000, 0x00000255221ed800, 0x00000255221ee800,
0x00000255221ef000, 0x00000255221f0800, 0x00000255221eb000, 0x00000255221f1800,
0x00000255221ec000, 0x00000255221f6800, 0x00000255221f8000, 0x00000255221f3000,
0x00000255221f5000, 0x00000255221f2800, 0x00000255221f4000, 0x00000255221f9000,
0x00000255221f7800, 0x00000255221f5800, 0x0000025521971000, 0x0000025521973800,
0x0000025521972800, 0x0000025521972000, 0x0000025521976000, 0x0000025521970800,
0x0000025521974800, 0x0000025521975000, 0x0000025521977000, 0x000002551ee1d800,
0x000002551ee1d000, 0x000002551ee19000, 0x000002551ee1e800, 0x000002551ee1f800,
0x000002551ee19800, 0x000002551ee20000, 0x000002551ee21000, 0x000002551ee1c000,
0x000002551ee1b000, 0x000002551ee27800, 0x000002551ee23800, 0x000002551ee22800,
0x000002551ee26000, 0x000002551ee24000, 0x000002551ee25000, 0x000002551ee21800,
0x000002551ee26800
}

Java Threads: ( => current thread )
  0x0000025502814800 JavaThread "main" [_thread_blocked, id=14448, stack(0x0000009fb1000000,0x0000009fb1100000)]
  0x000002551d07f800 JavaThread "Reference Handler" daemon [_thread_blocked, id=16064, stack(0x0000009fb1700000,0x0000009fb1800000)]
  0x000002551d08b800 JavaThread "Finalizer" daemon [_thread_blocked, id=9404, stack(0x0000009fb1800000,0x0000009fb1900000)]
  0x000002551d0a2000 JavaThread "Signal Dispatcher" daemon [_thread_blocked, id=2464, stack(0x0000009fb1900000,0x0000009fb1a00000)]
  0x000002551d0a2800 JavaThread "Attach Listener" daemon [_thread_blocked, id=11328, stack(0x0000009fb1a00000,0x0000009fb1b00000)]
  0x000002551d0a6000 JavaThread "Service Thread" daemon [_thread_blocked, id=11404, stack(0x0000009fb1b00000,0x0000009fb1c00000)]
=>0x000002551d0a7800 JavaThread "C2 CompilerThread0" daemon [_thread_in_native, id=15428, stack(0x0000009fb1c00000,0x0000009fb1d00000)]
  0x000002551d0ad000 JavaThread "C1 CompilerThread0" daemon [_thread_blocked, id=14864, stack(0x0000009fb1d00000,0x0000009fb1e00000)]
  0x000002551d0c9800 JavaThread "Sweeper thread" daemon [_thread_blocked, id=13848, stack(0x0000009fb1e00000,0x0000009fb1f00000)]
  0x000002551db5f800 JavaThread "Common-Cleaner" daemon [_thread_blocked, id=14708, stack(0x0000009fb1f00000,0x0000009fb2000000)]
  0x000002551f2b8000 JavaThread "Daemon health stats" [_thread_blocked, id=3672, stack(0x0000009fb2300000,0x0000009fb2400000)]
  0x000002551ecb1800 JavaThread "Incoming local TCP Connector on port 60674" [_thread_in_native, id=16204, stack(0x0000009fb2400000,0x0000009fb2500000)]
  0x000002551fa9f000 JavaThread "Daemon periodic checks" [_thread_blocked, id=4504, stack(0x0000009fb2500000,0x0000009fb2600000)]
  0x000002551ec56000 JavaThread "Daemon" [_thread_blocked, id=2484, stack(0x0000009fb2600000,0x0000009fb2700000)]
  0x000002551ecf3000 JavaThread "Handler for socket connection from /127.0.0.1:60674 to /127.0.0.1:60675" [_thread_in_native, id=12992, stack(0x0000009fb2700000,0x0000009fb2800000)]
  0x000002551eda7800 JavaThread "Cancel handler" [_thread_blocked, id=15996, stack(0x0000009fb2800000,0x0000009fb2900000)]
  0x000002551ecda800 JavaThread "Daemon worker" [_thread_blocked, id=3104, stack(0x0000009fb2900000,0x0000009fb2a00000)]
  0x000002551edbe800 JavaThread "Asynchronous log dispatcher for DefaultDaemonConnection: socket connection from /127.0.0.1:60674 to /127.0.0.1:60675" [_thread_blocked, id=11976, stack(0x0000009fb2a00000,0x0000009fb2b00000)]
  0x000002551ede2000 JavaThread "Stdin handler" [_thread_blocked, id=15964, stack(0x0000009fb2b00000,0x0000009fb2c00000)]
  0x000002551f4b3000 JavaThread "Daemon client event forwarder" [_thread_blocked, id=11944, stack(0x0000009fb2c00000,0x0000009fb2d00000)]
  0x000002551ec17800 JavaThread "Cache worker for journal cache (C:\Users\HP\.gradle\caches\journal-1)" [_thread_blocked, id=12660, stack(0x0000009fb2f00000,0x0000009fb3000000)]
  0x000002551ec1e000 JavaThread "File lock request listener" [_thread_in_native, id=15300, stack(0x0000009fb3000000,0x0000009fb3100000)]
  0x000002551ec1b800 JavaThread "Cache worker for file hash cache (C:\Users\HP\.gradle\caches\7.5\fileHashes)" [_thread_blocked, id=13740, stack(0x0000009fb3100000,0x0000009fb3200000)]
  0x000002551ec18000 JavaThread "File watcher server" daemon [_thread_in_native, id=15024, stack(0x0000009fb3200000,0x0000009fb3300000)]
  0x000002551ec19000 JavaThread "File watcher consumer" daemon [_thread_blocked, id=12868, stack(0x0000009fb3300000,0x0000009fb3400000)]
  0x000002551ec1c000 JavaThread "Cache worker for checksums cache (C:\Projekte\kuizi\android\.gradle\7.5\checksums)" [_thread_blocked, id=13068, stack(0x0000009fb3400000,0x0000009fb3500000)]
  0x000002551ec19800 JavaThread "Cache worker for cache directory md-rule (C:\Users\HP\.gradle\caches\7.5\md-rule)" [_thread_blocked, id=16196, stack(0x0000009fb3500000,0x0000009fb3600000)]
  0x000002551ec1a800 JavaThread "Cache worker for file content cache (C:\Users\HP\.gradle\caches\7.5\fileContent)" [_thread_blocked, id=14632, stack(0x0000009fb3600000,0x0000009fb3700000)]
  0x000002551ec1d000 JavaThread "Cache worker for file hash cache (C:\Projekte\kuizi\android\.gradle\7.5\fileHashes)" [_thread_blocked, id=10860, stack(0x0000009fb3700000,0x0000009fb3800000)]
  0x000002551ea6a000 JavaThread "Cache worker for cache directory md-supplier (C:\Users\HP\.gradle\caches\7.5\md-supplier)" [_thread_blocked, id=7704, stack(0x0000009fb3800000,0x0000009fb3900000)]
  0x000002551ea6c800 JavaThread "Cache worker for execution history cache (C:\Users\HP\.gradle\caches\7.5\executionHistory)" [_thread_blocked, id=6624, stack(0x0000009fb3900000,0x0000009fb3a00000)]
  0x000002551ea6b000 JavaThread "jar transforms" [_thread_blocked, id=11980, stack(0x0000009fb3a00000,0x0000009fb3b00000)]
  0x000002551ea6d800 JavaThread "jar transforms Thread 2" [_thread_blocked, id=12896, stack(0x0000009fb3b00000,0x0000009fb3c00000)]
  0x000002551ea74000 JavaThread "jar transforms Thread 3" [_thread_blocked, id=15604, stack(0x0000009fb3c00000,0x0000009fb3d00000)]
  0x000002551ea72000 JavaThread "jar transforms Thread 4" [_thread_blocked, id=15616, stack(0x0000009fb3d00000,0x0000009fb3e00000)]
  0x000002551ea71800 JavaThread "Cache worker for dependencies-accessors (C:\Projekte\kuizi\android\.gradle\7.5\dependencies-accessors)" [_thread_blocked, id=15152, stack(0x0000009fb3e00000,0x0000009fb3f00000)]
  0x000002551ea6e000 JavaThread "Cache worker for Build Output Cleanup Cache (C:\Projekte\kuizi\android\.gradle\buildOutputCleanup)" [_thread_blocked, id=8712, stack(0x0000009fb3f00000,0x0000009fb4000000)]
  0x000002551ea73000 JavaThread "Unconstrained build operations" [_thread_blocked, id=10512, stack(0x0000009fb4000000,0x0000009fb4100000)]
  0x000002551ea74800 JavaThread "Unconstrained build operations Thread 2" [_thread_blocked, id=5812, stack(0x0000009fb4100000,0x0000009fb4200000)]
  0x000002551ea6f000 JavaThread "Unconstrained build operations Thread 3" [_thread_blocked, id=14616, stack(0x0000009fb4200000,0x0000009fb4300000)]
  0x000002551ea75800 JavaThread "Unconstrained build operations Thread 4" [_thread_blocked, id=7996, stack(0x0000009fb4300000,0x0000009fb4400000)]
  0x000002551ea6f800 JavaThread "Unconstrained build operations Thread 5" [_thread_blocked, id=7992, stack(0x0000009fb4400000,0x0000009fb4500000)]
  0x000002551ea76000 JavaThread "Unconstrained build operations Thread 6" [_thread_blocked, id=15920, stack(0x0000009fb4500000,0x0000009fb4600000)]
  0x00000255221ec800 JavaThread "Unconstrained build operations Thread 7" [_thread_blocked, id=15868, stack(0x0000009fb4600000,0x0000009fb4700000)]
  0x00000255221ea000 JavaThread "Unconstrained build operations Thread 8" [_thread_blocked, id=6436, stack(0x0000009fb4700000,0x0000009fb4800000)]
  0x00000255221f0000 JavaThread "Unconstrained build operations Thread 9" [_thread_blocked, id=12504, stack(0x0000009fb4800000,0x0000009fb4900000)]
  0x00000255221ed800 JavaThread "Unconstrained build operations Thread 10" [_thread_blocked, id=12756, stack(0x0000009fb4900000,0x0000009fb4a00000)]
  0x00000255221ee800 JavaThread "Unconstrained build operations Thread 11" [_thread_blocked, id=10596, stack(0x0000009fb4a00000,0x0000009fb4b00000)]
  0x00000255221ef000 JavaThread "Unconstrained build operations Thread 12" [_thread_blocked, id=244, stack(0x0000009fb4b00000,0x0000009fb4c00000)]
  0x00000255221f0800 JavaThread "Unconstrained build operations Thread 13" [_thread_blocked, id=3988, stack(0x0000009fb4c00000,0x0000009fb4d00000)]
  0x00000255221eb000 JavaThread "Unconstrained build operations Thread 14" [_thread_blocked, id=14688, stack(0x0000009fb4d00000,0x0000009fb4e00000)]
  0x00000255221f1800 JavaThread "Unconstrained build operations Thread 15" [_thread_blocked, id=12944, stack(0x0000009fb4e00000,0x0000009fb4f00000)]
  0x00000255221ec000 JavaThread "Unconstrained build operations Thread 16" [_thread_blocked, id=15912, stack(0x0000009fb4f00000,0x0000009fb5000000)]
  0x00000255221f6800 JavaThread "Unconstrained build operations Thread 17" [_thread_blocked, id=16124, stack(0x0000009fb5000000,0x0000009fb5100000)]
  0x00000255221f8000 JavaThread "Unconstrained build operations Thread 18" [_thread_blocked, id=14660, stack(0x0000009fb5100000,0x0000009fb5200000)]
  0x00000255221f3000 JavaThread "Unconstrained build operations Thread 19" [_thread_blocked, id=15572, stack(0x0000009fb5200000,0x0000009fb5300000)]
  0x00000255221f5000 JavaThread "Unconstrained build operations Thread 20" [_thread_blocked, id=2964, stack(0x0000009fb5300000,0x0000009fb5400000)]
  0x00000255221f2800 JavaThread "Unconstrained build operations Thread 21" [_thread_blocked, id=14720, stack(0x0000009fb5400000,0x0000009fb5500000)]
  0x00000255221f4000 JavaThread "Unconstrained build operations Thread 22" [_thread_blocked, id=16284, stack(0x0000009fb5500000,0x0000009fb5600000)]
  0x00000255221f9000 JavaThread "Unconstrained build operations Thread 23" [_thread_blocked, id=15304, stack(0x0000009fb5600000,0x0000009fb5700000)]
  0x00000255221f7800 JavaThread "Unconstrained build operations Thread 24" [_thread_blocked, id=14840, stack(0x0000009fb5700000,0x0000009fb5800000)]
  0x00000255221f5800 JavaThread "Unconstrained build operations Thread 25" [_thread_blocked, id=924, stack(0x0000009fb5800000,0x0000009fb5900000)]
  0x0000025521971000 JavaThread "Unconstrained build operations Thread 26" [_thread_blocked, id=9312, stack(0x0000009fb5900000,0x0000009fb5a00000)]
  0x0000025521973800 JavaThread "Unconstrained build operations Thread 27" [_thread_blocked, id=14956, stack(0x0000009fb5a00000,0x0000009fb5b00000)]
  0x0000025521972800 JavaThread "Unconstrained build operations Thread 28" [_thread_blocked, id=16040, stack(0x0000009fb5b00000,0x0000009fb5c00000)]
  0x0000025521972000 JavaThread "Unconstrained build operations Thread 29" [_thread_blocked, id=7396, stack(0x0000009fb5c00000,0x0000009fb5d00000)]
  0x0000025521976000 JavaThread "Unconstrained build operations Thread 30" [_thread_blocked, id=7788, stack(0x0000009fb5d00000,0x0000009fb5e00000)]
  0x0000025521970800 JavaThread "Unconstrained build operations Thread 31" [_thread_blocked, id=14476, stack(0x0000009fb5e00000,0x0000009fb5f00000)]
  0x0000025521974800 JavaThread "Unconstrained build operations Thread 32" [_thread_blocked, id=16308, stack(0x0000009fb5f00000,0x0000009fb6000000)]
  0x0000025521975000 JavaThread "Unconstrained build operations Thread 33" [_thread_blocked, id=1916, stack(0x0000009fb6000000,0x0000009fb6100000)]
  0x0000025521977000 JavaThread "Unconstrained build operations Thread 34" [_thread_blocked, id=10300, stack(0x0000009fb6100000,0x0000009fb6200000)]
  0x000002551ee1d800 JavaThread "Unconstrained build operations Thread 35" [_thread_blocked, id=9208, stack(0x0000009fb6200000,0x0000009fb6300000)]
  0x000002551ee1d000 JavaThread "Unconstrained build operations Thread 36" [_thread_blocked, id=2660, stack(0x0000009fb6300000,0x0000009fb6400000)]
  0x000002551ee19000 JavaThread "Unconstrained build operations Thread 37" [_thread_blocked, id=1592, stack(0x0000009fb6400000,0x0000009fb6500000)]
  0x000002551ee1e800 JavaThread "Unconstrained build operations Thread 38" [_thread_blocked, id=15396, stack(0x0000009fb6500000,0x0000009fb6600000)]
  0x000002551ee1f800 JavaThread "Unconstrained build operations Thread 39" [_thread_blocked, id=14056, stack(0x0000009fb6600000,0x0000009fb6700000)]
  0x000002551ee19800 JavaThread "Unconstrained build operations Thread 40" [_thread_blocked, id=13360, stack(0x0000009fb6700000,0x0000009fb6800000)]
  0x000002551ee20000 JavaThread "Memory manager" [_thread_blocked, id=6180, stack(0x0000009fb6800000,0x0000009fb6900000)]
  0x000002551ee21000 JavaThread "Cache worker for kotlin-dsl (C:\Users\HP\.gradle\caches\7.5\kotlin-dsl)" [_thread_blocked, id=15908, stack(0x0000009fb6b00000,0x0000009fb6c00000)]
  0x000002551ee1c000 JavaThread "pool-3-thread-1" [_thread_blocked, id=3180, stack(0x0000009fb0d00000,0x0000009fb0e00000)]
  0x000002551ee1b000 JavaThread "build event listener" [_thread_blocked, id=7488, stack(0x0000009fb0e00000,0x0000009fb0f00000)]
  0x000002551ee27800 JavaThread "included builds" [_thread_blocked, id=15796, stack(0x0000009fb0f00000,0x0000009fb1000000)]
  0x000002551ee23800 JavaThread "Execution worker" [_thread_blocked, id=11808, stack(0x0000009fb6c00000,0x0000009fb6d00000)]
  0x000002551ee22800 JavaThread "Execution worker Thread 2" [_thread_blocked, id=10088, stack(0x0000009fb6d00000,0x0000009fb6e00000)]
  0x000002551ee26000 JavaThread "Execution worker Thread 3" [_thread_blocked, id=16160, stack(0x0000009fb6e00000,0x0000009fb6f00000)]
  0x000002551ee24000 JavaThread "Cache worker for execution history cache (C:\Projekte\kuizi\android\.gradle\7.5\executionHistory)" [_thread_blocked, id=12796, stack(0x0000009fb6f00000,0x0000009fb7000000)]
  0x000002551ee25000 JavaThread "Exec process" [_thread_in_native, id=9984, stack(0x0000009fb7000000,0x0000009fb7100000)]
  0x000002551ee21800 JavaThread "Exec process Thread 2" [_thread_in_native, id=2656, stack(0x0000009fb7100000,0x0000009fb7200000)]
  0x000002551ee26800 JavaThread "Exec process Thread 3" [_thread_in_native, id=228, stack(0x0000009fb7200000,0x0000009fb7300000)]

Other Threads:
  0x000002551d05d000 VMThread "VM Thread" [stack: 0x0000009fb1600000,0x0000009fb1700000] [id=336]
  0x000002551db7b800 WatcherThread [stack: 0x0000009fb2000000,0x0000009fb2100000] [id=11696]
  0x000002550282f800 GCTaskThread "GC Thread#0" [stack: 0x0000009fb1100000,0x0000009fb1200000] [id=5884]
  0x000002551de28800 GCTaskThread "GC Thread#1" [stack: 0x0000009fb2100000,0x0000009fb2200000] [id=10404]
  0x000002551e0a8000 GCTaskThread "GC Thread#2" [stack: 0x0000009fb2200000,0x0000009fb2300000] [id=6760]
  0x000002551dcd3000 GCTaskThread "GC Thread#3" [stack: 0x0000009fb2d00000,0x0000009fb2e00000] [id=16348]
  0x0000025502856000 ConcurrentGCThread "G1 Main Marker" [stack: 0x0000009fb1200000,0x0000009fb1300000] [id=16244]
  0x0000025502857000 ConcurrentGCThread "G1 Conc#0" [stack: 0x0000009fb1300000,0x0000009fb1400000] [id=5260]
  0x00000255028e4000 ConcurrentGCThread "G1 Refine#0" [stack: 0x0000009fb1400000,0x0000009fb1500000] [id=14868]
  0x000002551e1b5800 ConcurrentGCThread "G1 Refine#1" [stack: 0x0000009fb2e00000,0x0000009fb2f00000] [id=15088]
  0x00000255028e5000 ConcurrentGCThread "G1 Young RemSet Sampling" [stack: 0x0000009fb1500000,0x0000009fb1600000] [id=4732]

Threads with active compile tasks:
C2 CompilerThread0    89648 11867       4       java.util.concurrent.locks.AbstractQueuedSynchronizer$ConditionObject::awaitNanos (181 bytes)

VM state:not at safepoint (normal execution)

VM Mutex/Monitor currently owned by a thread: None

Heap address: 0x00000000a0000000, size: 1536 MB, Compressed Oops mode: 32-bit
Narrow klass base: 0x0000000000000000, Narrow klass shift: 3
Compressed class space size: 1073741824 Address: 0x0000000100000000

Heap:
 garbage-first heap   total 189440K, used 137134K [0x00000000a0000000, 0x0000000100000000)
  region size 1024K, 21 young (21504K), 3 survivors (3072K)
 Metaspace       used 96581K, capacity 100008K, committed 100304K, reserved 1136640K
  class space    used 12514K, capacity 13618K, committed 13696K, reserved 1048576K
Heap Regions: E=young(eden), S=young(survivor), O=old, HS=humongous(starts), HC=humongous(continues), CS=collection set, F=free, A=archive, TAMS=top-at-mark-start (previous, next)
|   0|0x00000000a0000000, 0x00000000a0100000, 0x00000000a0100000|100%|HS|  |TAMS 0x00000000a0100000, 0x00000000a0000000| Complete 
|   1|0x00000000a0100000, 0x00000000a0200000, 0x00000000a0200000|100%|HC|  |TAMS 0x00000000a0200000, 0x00000000a0100000| Complete 
|   2|0x00000000a0200000, 0x00000000a0300000, 0x00000000a0300000|100%|HC|  |TAMS 0x00000000a0300000, 0x00000000a0200000| Complete 
|   3|0x00000000a0300000, 0x00000000a0400000, 0x00000000a0400000|100%| O|  |TAMS 0x00000000a0400000, 0x00000000a0300000| Untracked 
|   4|0x00000000a0400000, 0x00000000a0500000, 0x00000000a0500000|100%| O|  |TAMS 0x00000000a0500000, 0x00000000a0400000| Untracked 
|   5|0x00000000a0500000, 0x00000000a0600000, 0x00000000a0600000|100%| O|  |TAMS 0x00000000a0600000, 0x00000000a0500000| Untracked 
|   6|0x00000000a0600000, 0x00000000a0700000, 0x00000000a0700000|100%| O|  |TAMS 0x00000000a0700000, 0x00000000a0600000| Untracked 
|   7|0x00000000a0700000, 0x00000000a0800000, 0x00000000a0800000|100%| O|  |TAMS 0x00000000a0800000, 0x00000000a0700000| Untracked 
|   8|0x00000000a0800000, 0x00000000a0900000, 0x00000000a0900000|100%| O|  |TAMS 0x00000000a0900000, 0x00000000a0800000| Untracked 
|   9|0x00000000a0900000, 0x00000000a0a00000, 0x00000000a0a00000|100%| O|  |TAMS 0x00000000a0a00000, 0x00000000a0900000| Untracked 
|  10|0x00000000a0a00000, 0x00000000a0b00000, 0x00000000a0b00000|100%| O|  |TAMS 0x00000000a0b00000, 0x00000000a0a00000| Untracked 
|  11|0x00000000a0b00000, 0x00000000a0c00000, 0x00000000a0c00000|100%| O|  |TAMS 0x00000000a0c00000, 0x00000000a0b00000| Untracked 
|  12|0x00000000a0c00000, 0x00000000a0d00000, 0x00000000a0d00000|100%| O|  |TAMS 0x00000000a0d00000, 0x00000000a0c00000| Untracked 
|  13|0x00000000a0d00000, 0x00000000a0e00000, 0x00000000a0e00000|100%| O|  |TAMS 0x00000000a0e00000, 0x00000000a0d00000| Untracked 
|  14|0x00000000a0e00000, 0x00000000a0f00000, 0x00000000a0f00000|100%| O|  |TAMS 0x00000000a0f00000, 0x00000000a0e00000| Untracked 
|  15|0x00000000a0f00000, 0x00000000a1000000, 0x00000000a1000000|100%| O|  |TAMS 0x00000000a1000000, 0x00000000a0f00000| Untracked 
|  16|0x00000000a1000000, 0x00000000a1100000, 0x00000000a1100000|100%|HS|  |TAMS 0x00000000a1100000, 0x00000000a1000000| Complete 
|  17|0x00000000a1100000, 0x00000000a1200000, 0x00000000a1200000|100%| O|  |TAMS 0x00000000a1200000, 0x00000000a1100000| Untracked 
|  18|0x00000000a1200000, 0x00000000a1300000, 0x00000000a1300000|100%| O|  |TAMS 0x00000000a1300000, 0x00000000a1200000| Untracked 
|  19|0x00000000a1300000, 0x00000000a1400000, 0x00000000a1400000|100%| O|  |TAMS 0x00000000a1400000, 0x00000000a1300000| Untracked 
|  20|0x00000000a1400000, 0x00000000a1500000, 0x00000000a1500000|100%| O|  |TAMS 0x00000000a1500000, 0x00000000a1400000| Untracked 
|  21|0x00000000a1500000, 0x00000000a1600000, 0x00000000a1600000|100%| O|  |TAMS 0x00000000a1600000, 0x00000000a1500000| Untracked 
|  22|0x00000000a1600000, 0x00000000a1700000, 0x00000000a1700000|100%| O|  |TAMS 0x00000000a1700000, 0x00000000a1600000| Untracked 
|  23|0x00000000a1700000, 0x00000000a1800000, 0x00000000a1800000|100%| O|  |TAMS 0x00000000a1800000, 0x00000000a1700000| Untracked 
|  24|0x00000000a1800000, 0x00000000a1900000, 0x00000000a1900000|100%| O|  |TAMS 0x00000000a1900000, 0x00000000a1800000| Untracked 
|  25|0x00000000a1900000, 0x00000000a1a00000, 0x00000000a1a00000|100%| O|  |TAMS 0x00000000a1a00000, 0x00000000a1900000| Untracked 
|  26|0x00000000a1a00000, 0x00000000a1b00000, 0x00000000a1b00000|100%| O|  |TAMS 0x00000000a1b00000, 0x00000000a1a00000| Untracked 
|  27|0x00000000a1b00000, 0x00000000a1c00000, 0x00000000a1c00000|100%|HS|  |TAMS 0x00000000a1c00000, 0x00000000a1b00000| Complete 
|  28|0x00000000a1c00000, 0x00000000a1d00000, 0x00000000a1d00000|100%|HS|  |TAMS 0x00000000a1d00000, 0x00000000a1c00000| Complete 
|  29|0x00000000a1d00000, 0x00000000a1e00000, 0x00000000a1e00000|100%|HS|  |TAMS 0x00000000a1e00000, 0x00000000a1d00000| Complete 
|  30|0x00000000a1e00000, 0x00000000a1f00000, 0x00000000a1f00000|100%|HC|  |TAMS 0x00000000a1f00000, 0x00000000a1e00000| Complete 
|  31|0x00000000a1f00000, 0x00000000a2000000, 0x00000000a2000000|100%|HC|  |TAMS 0x00000000a2000000, 0x00000000a1f00000| Complete 
|  32|0x00000000a2000000, 0x00000000a2100000, 0x00000000a2100000|100%|HS|  |TAMS 0x00000000a2100000, 0x00000000a2000000| Complete 
|  33|0x00000000a2100000, 0x00000000a2200000, 0x00000000a2200000|100%|HC|  |TAMS 0x00000000a2200000, 0x00000000a2100000| Complete 
|  34|0x00000000a2200000, 0x00000000a2300000, 0x00000000a2300000|100%| O|  |TAMS 0x00000000a2300000, 0x00000000a2200000| Untracked 
|  35|0x00000000a2300000, 0x00000000a2400000, 0x00000000a2400000|100%| O|  |TAMS 0x00000000a2400000, 0x00000000a2300000| Untracked 
|  36|0x00000000a2400000, 0x00000000a2500000, 0x00000000a2500000|100%| O|  |TAMS 0x00000000a2500000, 0x00000000a2400000| Untracked 
|  37|0x00000000a2500000, 0x00000000a2600000, 0x00000000a2600000|100%| O|  |TAMS 0x00000000a2600000, 0x00000000a2500000| Untracked 
|  38|0x00000000a2600000, 0x00000000a2700000, 0x00000000a2700000|100%| O|  |TAMS 0x00000000a2700000, 0x00000000a2600000| Untracked 
|  39|0x00000000a2700000, 0x00000000a2800000, 0x00000000a2800000|100%| O|  |TAMS 0x00000000a2800000, 0x00000000a2700000| Untracked 
|  40|0x00000000a2800000, 0x00000000a2900000, 0x00000000a2900000|100%| O|  |TAMS 0x00000000a2900000, 0x00000000a2800000| Untracked 
|  41|0x00000000a2900000, 0x00000000a2a00000, 0x00000000a2a00000|100%| O|  |TAMS 0x00000000a2a00000, 0x00000000a2900000| Untracked 
|  42|0x00000000a2a00000, 0x00000000a2b00000, 0x00000000a2b00000|100%| O|  |TAMS 0x00000000a2b00000, 0x00000000a2a00000| Untracked 
|  43|0x00000000a2b00000, 0x00000000a2c00000, 0x00000000a2c00000|100%| O|  |TAMS 0x00000000a2c00000, 0x00000000a2b00000| Untracked 
|  44|0x00000000a2c00000, 0x00000000a2d00000, 0x00000000a2d00000|100%| O|  |TAMS 0x00000000a2d00000, 0x00000000a2c00000| Untracked 
|  45|0x00000000a2d00000, 0x00000000a2e00000, 0x00000000a2e00000|100%| O|  |TAMS 0x00000000a2e00000, 0x00000000a2d00000| Untracked 
|  46|0x00000000a2e00000, 0x00000000a2f00000, 0x00000000a2f00000|100%| O|  |TAMS 0x00000000a2f00000, 0x00000000a2e00000| Untracked 
|  47|0x00000000a2f00000, 0x00000000a3000000, 0x00000000a3000000|100%| O|  |TAMS 0x00000000a3000000, 0x00000000a2f00000| Untracked 
|  48|0x00000000a3000000, 0x00000000a3100000, 0x00000000a3100000|100%|HS|  |TAMS 0x00000000a3100000, 0x00000000a3000000| Complete 
|  49|0x00000000a3100000, 0x00000000a3200000, 0x00000000a3200000|100%| O|  |TAMS 0x00000000a3200000, 0x00000000a3100000| Untracked 
|  50|0x00000000a3200000, 0x00000000a3300000, 0x00000000a3300000|100%| O|  |TAMS 0x00000000a3300000, 0x00000000a3200000| Untracked 
|  51|0x00000000a3300000, 0x00000000a3400000, 0x00000000a3400000|100%| O|  |TAMS 0x00000000a3400000, 0x00000000a3300000| Untracked 
|  52|0x00000000a3400000, 0x00000000a3500000, 0x00000000a3500000|100%| O|  |TAMS 0x00000000a3500000, 0x00000000a3400000| Untracked 
|  53|0x00000000a3500000, 0x00000000a3600000, 0x00000000a3600000|100%| O|  |TAMS 0x00000000a3600000, 0x00000000a3500000| Untracked 
|  54|0x00000000a3600000, 0x00000000a3700000, 0x00000000a3700000|100%|HS|  |TAMS 0x00000000a3700000, 0x00000000a3600000| Complete 
|  55|0x00000000a3700000, 0x00000000a3800000, 0x00000000a3800000|100%| O|  |TAMS 0x00000000a3800000, 0x00000000a3700000| Untracked 
|  56|0x00000000a3800000, 0x00000000a3900000, 0x00000000a3900000|100%| O|  |TAMS 0x00000000a3900000, 0x00000000a3800000| Untracked 
|  57|0x00000000a3900000, 0x00000000a3a00000, 0x00000000a3a00000|100%| O|  |TAMS 0x00000000a3a00000, 0x00000000a3900000| Untracked 
|  58|0x00000000a3a00000, 0x00000000a3b00000, 0x00000000a3b00000|100%| O|  |TAMS 0x00000000a3b00000, 0x00000000a3a00000| Untracked 
|  59|0x00000000a3b00000, 0x00000000a3c00000, 0x00000000a3c00000|100%| O|  |TAMS 0x00000000a3c00000, 0x00000000a3b00000| Untracked 
|  60|0x00000000a3c00000, 0x00000000a3d00000, 0x00000000a3d00000|100%| O|  |TAMS 0x00000000a3d00000, 0x00000000a3c00000| Untracked 
|  61|0x00000000a3d00000, 0x00000000a3e00000, 0x00000000a3e00000|100%| O|  |TAMS 0x00000000a3e00000, 0x00000000a3d00000| Untracked 
|  62|0x00000000a3e00000, 0x00000000a3f00000, 0x00000000a3f00000|100%| O|  |TAMS 0x00000000a3f00000, 0x00000000a3e00000| Untracked 
|  63|0x00000000a3f00000, 0x00000000a4000000, 0x00000000a4000000|100%| O|  |TAMS 0x00000000a4000000, 0x00000000a3f00000| Untracked 
|  64|0x00000000a4000000, 0x00000000a4100000, 0x00000000a4100000|100%| O|  |TAMS 0x00000000a4100000, 0x00000000a4000000| Untracked 
|  65|0x00000000a4100000, 0x00000000a4200000, 0x00000000a4200000|100%| O|  |TAMS 0x00000000a4200000, 0x00000000a4100000| Untracked 
|  66|0x00000000a4200000, 0x00000000a4300000, 0x00000000a4300000|100%| O|  |TAMS 0x00000000a4300000, 0x00000000a4200000| Untracked 
|  67|0x00000000a4300000, 0x00000000a4400000, 0x00000000a4400000|100%| O|  |TAMS 0x00000000a4400000, 0x00000000a4300000| Untracked 
|  68|0x00000000a4400000, 0x00000000a4500000, 0x00000000a4500000|100%| O|  |TAMS 0x00000000a4500000, 0x00000000a4400000| Untracked 
|  69|0x00000000a4500000, 0x00000000a4600000, 0x00000000a4600000|100%| O|  |TAMS 0x00000000a4600000, 0x00000000a4500000| Untracked 
|  70|0x00000000a4600000, 0x00000000a4700000, 0x00000000a4700000|100%| O|  |TAMS 0x00000000a4700000, 0x00000000a4600000| Untracked 
|  71|0x00000000a4700000, 0x00000000a4800000, 0x00000000a4800000|100%| O|  |TAMS 0x00000000a4800000, 0x00000000a4700000| Untracked 
|  72|0x00000000a4800000, 0x00000000a4900000, 0x00000000a4900000|100%| O|  |TAMS 0x00000000a4900000, 0x00000000a4800000| Untracked 
|  73|0x00000000a4900000, 0x00000000a4a00000, 0x00000000a4a00000|100%| O|  |TAMS 0x00000000a4a00000, 0x00000000a4900000| Untracked 
|  74|0x00000000a4a00000, 0x00000000a4b00000, 0x00000000a4b00000|100%| O|  |TAMS 0x00000000a4b00000, 0x00000000a4a00000| Untracked 
|  75|0x00000000a4b00000, 0x00000000a4c00000, 0x00000000a4c00000|100%| O|  |TAMS 0x00000000a4c00000, 0x00000000a4b00000| Untracked 
|  76|0x00000000a4c00000, 0x00000000a4d00000, 0x00000000a4d00000|100%| O|  |TAMS 0x00000000a4d00000, 0x00000000a4c00000| Untracked 
|  77|0x00000000a4d00000, 0x00000000a4e00000, 0x00000000a4e00000|100%| O|  |TAMS 0x00000000a4e00000, 0x00000000a4d00000| Untracked 
|  78|0x00000000a4e00000, 0x00000000a4f00000, 0x00000000a4f00000|100%| O|  |TAMS 0x00000000a4f00000, 0x00000000a4e00000| Untracked 
|  79|0x00000000a4f00000, 0x00000000a5000000, 0x00000000a5000000|100%|HS|  |TAMS 0x00000000a5000000, 0x00000000a4f00000| Complete 
|  80|0x00000000a5000000, 0x00000000a5100000, 0x00000000a5100000|100%|HS|  |TAMS 0x00000000a5100000, 0x00000000a5000000| Complete 
|  81|0x00000000a5100000, 0x00000000a5200000, 0x00000000a5200000|100%| O|  |TAMS 0x00000000a5200000, 0x00000000a5100000| Untracked 
|  82|0x00000000a5200000, 0x00000000a5300000, 0x00000000a5300000|100%| O|  |TAMS 0x00000000a5300000, 0x00000000a5200000| Untracked 
|  83|0x00000000a5300000, 0x00000000a5400000, 0x00000000a5400000|100%| O|  |TAMS 0x00000000a5400000, 0x00000000a5300000| Untracked 
|  84|0x00000000a5400000, 0x00000000a5500000, 0x00000000a5500000|100%| O|  |TAMS 0x00000000a5500000, 0x00000000a5400000| Untracked 
|  85|0x00000000a5500000, 0x00000000a5600000, 0x00000000a5600000|100%| O|  |TAMS 0x00000000a5600000, 0x00000000a5500000| Untracked 
|  86|0x00000000a5600000, 0x00000000a5700000, 0x00000000a5700000|100%| O|  |TAMS 0x00000000a5700000, 0x00000000a5600000| Untracked 
|  87|0x00000000a5700000, 0x00000000a5800000, 0x00000000a5800000|100%| O|  |TAMS 0x00000000a5800000, 0x00000000a5700000| Untracked 
|  88|0x00000000a5800000, 0x00000000a5900000, 0x00000000a5900000|100%|HS|  |TAMS 0x00000000a5900000, 0x00000000a5800000| Complete 
|  89|0x00000000a5900000, 0x00000000a5a00000, 0x00000000a5a00000|100%|HC|  |TAMS 0x00000000a5a00000, 0x00000000a5900000| Complete 
|  90|0x00000000a5a00000, 0x00000000a5b00000, 0x00000000a5b00000|100%| O|  |TAMS 0x00000000a5b00000, 0x00000000a5a00000| Untracked 
|  91|0x00000000a5b00000, 0x00000000a5c00000, 0x00000000a5c00000|100%| O|  |TAMS 0x00000000a5c00000, 0x00000000a5b00000| Untracked 
|  92|0x00000000a5c00000, 0x00000000a5d00000, 0x00000000a5d00000|100%| O|  |TAMS 0x00000000a5d00000, 0x00000000a5c00000| Untracked 
|  93|0x00000000a5d00000, 0x00000000a5e00000, 0x00000000a5e00000|100%| O|  |TAMS 0x00000000a5e00000, 0x00000000a5d00000| Untracked 
|  94|0x00000000a5e00000, 0x00000000a5f00000, 0x00000000a5f00000|100%| O|  |TAMS 0x00000000a5f00000, 0x00000000a5e00000| Untracked 
|  95|0x00000000a5f00000, 0x00000000a6000000, 0x00000000a6000000|100%| O|  |TAMS 0x00000000a6000000, 0x00000000a5f00000| Untracked 
|  96|0x00000000a6000000, 0x00000000a6100000, 0x00000000a6100000|100%| O|  |TAMS 0x00000000a6100000, 0x00000000a6000000| Untracked 
|  97|0x00000000a6100000, 0x00000000a6200000, 0x00000000a6200000|100%| O|  |TAMS 0x00000000a6200000, 0x00000000a6100000| Untracked 
|  98|0x00000000a6200000, 0x00000000a6300000, 0x00000000a6300000|100%| O|  |TAMS 0x00000000a6300000, 0x00000000a6200000| Untracked 
|  99|0x00000000a6300000, 0x00000000a6400000, 0x00000000a6400000|100%| O|  |TAMS 0x00000000a6400000, 0x00000000a6300000| Untracked 
| 100|0x00000000a6400000, 0x00000000a6500000, 0x00000000a6500000|100%| O|  |TAMS 0x00000000a6500000, 0x00000000a6400000| Untracked 
| 101|0x00000000a6500000, 0x00000000a6600000, 0x00000000a6600000|100%| O|  |TAMS 0x00000000a6600000, 0x00000000a6500000| Untracked 
| 102|0x00000000a6600000, 0x00000000a6700000, 0x00000000a6700000|100%| O|  |TAMS 0x00000000a6700000, 0x00000000a6600000| Untracked 
| 103|0x00000000a6700000, 0x00000000a6800000, 0x00000000a6800000|100%| O|  |TAMS 0x00000000a6800000, 0x00000000a6700000| Untracked 
| 104|0x00000000a6800000, 0x00000000a6900000, 0x00000000a6900000|100%| O|  |TAMS 0x00000000a6900000, 0x00000000a6800000| Untracked 
| 105|0x00000000a6900000, 0x00000000a6a00000, 0x00000000a6a00000|100%| O|  |TAMS 0x00000000a6a00000, 0x00000000a6900000| Untracked 
| 106|0x00000000a6a00000, 0x00000000a6b00000, 0x00000000a6b00000|100%| O|  |TAMS 0x00000000a6b00000, 0x00000000a6a00000| Untracked 
| 107|0x00000000a6b00000, 0x00000000a6c00000, 0x00000000a6c00000|100%| O|  |TAMS 0x00000000a6c00000, 0x00000000a6b00000| Untracked 
| 108|0x00000000a6c00000, 0x00000000a6d00000, 0x00000000a6d00000|100%| O|  |TAMS 0x00000000a6d00000, 0x00000000a6c00000| Untracked 
| 109|0x00000000a6d00000, 0x00000000a6e00000, 0x00000000a6e00000|100%| O|  |TAMS 0x00000000a6e00000, 0x00000000a6d00000| Untracked 
| 110|0x00000000a6e00000, 0x00000000a6f00000, 0x00000000a6f00000|100%| O|  |TAMS 0x00000000a6f00000, 0x00000000a6e00000| Untracked 
| 111|0x00000000a6f00000, 0x00000000a7000000, 0x00000000a7000000|100%| O|  |TAMS 0x00000000a7000000, 0x00000000a6f00000| Untracked 
| 112|0x00000000a7000000, 0x00000000a7100000, 0x00000000a7100000|100%| O|  |TAMS 0x00000000a70b2c00, 0x00000000a7000000| Untracked 
| 113|0x00000000a7100000, 0x00000000a71eba00, 0x00000000a7200000| 92%| O|  |TAMS 0x00000000a7100000, 0x00000000a7100000| Untracked 
| 114|0x00000000a7200000, 0x00000000a7200000, 0x00000000a7300000|  0%| F|  |TAMS 0x00000000a7200000, 0x00000000a7200000| Untracked 
| 115|0x00000000a7300000, 0x00000000a7300000, 0x00000000a7400000|  0%| F|  |TAMS 0x00000000a7300000, 0x00000000a7300000| Untracked 
| 116|0x00000000a7400000, 0x00000000a7400000, 0x00000000a7500000|  0%| F|  |TAMS 0x00000000a7400000, 0x00000000a7400000| Untracked 
| 117|0x00000000a7500000, 0x00000000a7500000, 0x00000000a7600000|  0%| F|  |TAMS 0x00000000a7500000, 0x00000000a7500000| Untracked 
| 118|0x00000000a7600000, 0x00000000a7600000, 0x00000000a7700000|  0%| F|  |TAMS 0x00000000a7600000, 0x00000000a7600000| Untracked 
| 119|0x00000000a7700000, 0x00000000a7700000, 0x00000000a7800000|  0%| F|  |TAMS 0x00000000a7700000, 0x00000000a7700000| Untracked 
| 120|0x00000000a7800000, 0x00000000a7800000, 0x00000000a7900000|  0%| F|  |TAMS 0x00000000a7800000, 0x00000000a7800000| Untracked 
| 121|0x00000000a7900000, 0x00000000a7900000, 0x00000000a7a00000|  0%| F|  |TAMS 0x00000000a7900000, 0x00000000a7900000| Untracked 
| 122|0x00000000a7a00000, 0x00000000a7a00000, 0x00000000a7b00000|  0%| F|  |TAMS 0x00000000a7a00000, 0x00000000a7a00000| Untracked 
| 123|0x00000000a7b00000, 0x00000000a7b00000, 0x00000000a7c00000|  0%| F|  |TAMS 0x00000000a7b00000, 0x00000000a7b00000| Untracked 
| 124|0x00000000a7c00000, 0x00000000a7c00000, 0x00000000a7d00000|  0%| F|  |TAMS 0x00000000a7c00000, 0x00000000a7c00000| Untracked 
| 125|0x00000000a7d00000, 0x00000000a7d00000, 0x00000000a7e00000|  0%| F|  |TAMS 0x00000000a7d00000, 0x00000000a7d00000| Untracked 
| 126|0x00000000a7e00000, 0x00000000a7e00000, 0x00000000a7f00000|  0%| F|  |TAMS 0x00000000a7e00000, 0x00000000a7e00000| Untracked 
| 127|0x00000000a7f00000, 0x00000000a7f00000, 0x00000000a8000000|  0%| F|  |TAMS 0x00000000a7f00000, 0x00000000a7f00000| Untracked 
| 128|0x00000000a8000000, 0x00000000a8000000, 0x00000000a8100000|  0%| F|  |TAMS 0x00000000a8000000, 0x00000000a8000000| Untracked 
| 129|0x00000000a8100000, 0x00000000a8100000, 0x00000000a8200000|  0%| F|  |TAMS 0x00000000a8100000, 0x00000000a8100000| Untracked 
| 130|0x00000000a8200000, 0x00000000a8200000, 0x00000000a8300000|  0%| F|  |TAMS 0x00000000a8200000, 0x00000000a8200000| Untracked 
| 131|0x00000000a8300000, 0x00000000a8300000, 0x00000000a8400000|  0%| F|  |TAMS 0x00000000a8300000, 0x00000000a8300000| Untracked 
| 132|0x00000000a8400000, 0x00000000a8400000, 0x00000000a8500000|  0%| F|  |TAMS 0x00000000a8400000, 0x00000000a8400000| Untracked 
| 133|0x00000000a8500000, 0x00000000a8500000, 0x00000000a8600000|  0%| F|  |TAMS 0x00000000a8500000, 0x00000000a8500000| Untracked 
| 134|0x00000000a8600000, 0x00000000a8600000, 0x00000000a8700000|  0%| F|  |TAMS 0x00000000a8600000, 0x00000000a8600000| Untracked 
| 135|0x00000000a8700000, 0x00000000a8700000, 0x00000000a8800000|  0%| F|  |TAMS 0x00000000a8700000, 0x00000000a8700000| Untracked 
| 136|0x00000000a8800000, 0x00000000a8800000, 0x00000000a8900000|  0%| F|  |TAMS 0x00000000a8800000, 0x00000000a8800000| Untracked 
| 137|0x00000000a8900000, 0x00000000a8900000, 0x00000000a8a00000|  0%| F|  |TAMS 0x00000000a8900000, 0x00000000a8900000| Untracked 
| 138|0x00000000a8a00000, 0x00000000a8a00000, 0x00000000a8b00000|  0%| F|  |TAMS 0x00000000a8a00000, 0x00000000a8a00000| Untracked 
| 139|0x00000000a8b00000, 0x00000000a8b00000, 0x00000000a8c00000|  0%| F|  |TAMS 0x00000000a8b00000, 0x00000000a8b00000| Untracked 
| 140|0x00000000a8c00000, 0x00000000a8c00000, 0x00000000a8d00000|  0%| F|  |TAMS 0x00000000a8c00000, 0x00000000a8c00000| Untracked 
| 141|0x00000000a8d00000, 0x00000000a8d00000, 0x00000000a8e00000|  0%| F|  |TAMS 0x00000000a8d00000, 0x00000000a8d00000| Untracked 
| 142|0x00000000a8e00000, 0x00000000a8e00000, 0x00000000a8f00000|  0%| F|  |TAMS 0x00000000a8e00000, 0x00000000a8e00000| Untracked 
| 143|0x00000000a8f00000, 0x00000000a8f00000, 0x00000000a9000000|  0%| F|  |TAMS 0x00000000a8f00000, 0x00000000a8f00000| Untracked 
| 144|0x00000000a9000000, 0x00000000a9000000, 0x00000000a9100000|  0%| F|  |TAMS 0x00000000a9000000, 0x00000000a9000000| Untracked 
| 145|0x00000000a9100000, 0x00000000a9100000, 0x00000000a9200000|  0%| F|  |TAMS 0x00000000a9100000, 0x00000000a9100000| Untracked 
| 146|0x00000000a9200000, 0x00000000a9200000, 0x00000000a9300000|  0%| F|  |TAMS 0x00000000a9200000, 0x00000000a9200000| Untracked 
| 147|0x00000000a9300000, 0x00000000a9300000, 0x00000000a9400000|  0%| F|  |TAMS 0x00000000a9300000, 0x00000000a9300000| Untracked 
| 148|0x00000000a9400000, 0x00000000a9400000, 0x00000000a9500000|  0%| F|  |TAMS 0x00000000a9400000, 0x00000000a9400000| Untracked 
| 149|0x00000000a9500000, 0x00000000a9500000, 0x00000000a9600000|  0%| F|  |TAMS 0x00000000a9500000, 0x00000000a9500000| Untracked 
| 150|0x00000000a9600000, 0x00000000a9600000, 0x00000000a9700000|  0%| F|  |TAMS 0x00000000a9600000, 0x00000000a9600000| Untracked 
| 151|0x00000000a9700000, 0x00000000a9700000, 0x00000000a9800000|  0%| F|  |TAMS 0x00000000a9700000, 0x00000000a9700000| Untracked 
| 152|0x00000000a9800000, 0x00000000a9800000, 0x00000000a9900000|  0%| F|  |TAMS 0x00000000a9800000, 0x00000000a9800000| Untracked 
| 153|0x00000000a9900000, 0x00000000a9900000, 0x00000000a9a00000|  0%| F|  |TAMS 0x00000000a9900000, 0x00000000a9900000| Untracked 
| 154|0x00000000a9a00000, 0x00000000a9a00000, 0x00000000a9b00000|  0%| F|  |TAMS 0x00000000a9a00000, 0x00000000a9a00000| Untracked 
| 155|0x00000000a9b00000, 0x00000000a9c00000, 0x00000000a9c00000|100%| S|CS|TAMS 0x00000000a9b00000, 0x00000000a9b00000| Complete 
| 156|0x00000000a9c00000, 0x00000000a9d00000, 0x00000000a9d00000|100%| S|CS|TAMS 0x00000000a9c00000, 0x00000000a9c00000| Complete 
| 157|0x00000000a9d00000, 0x00000000a9e00000, 0x00000000a9e00000|100%| S|CS|TAMS 0x00000000a9d00000, 0x00000000a9d00000| Complete 
| 158|0x00000000a9e00000, 0x00000000a9e00000, 0x00000000a9f00000|  0%| F|  |TAMS 0x00000000a9e00000, 0x00000000a9e00000| Untracked 
| 159|0x00000000a9f00000, 0x00000000a9f00000, 0x00000000aa000000|  0%| F|  |TAMS 0x00000000a9f00000, 0x00000000a9f00000| Untracked 
| 160|0x00000000aa000000, 0x00000000aa000000, 0x00000000aa100000|  0%| F|  |TAMS 0x00000000aa000000, 0x00000000aa000000| Untracked 
| 161|0x00000000aa100000, 0x00000000aa100000, 0x00000000aa200000|  0%| F|  |TAMS 0x00000000aa100000, 0x00000000aa100000| Untracked 
| 162|0x00000000aa200000, 0x00000000aa200000, 0x00000000aa300000|  0%| F|  |TAMS 0x00000000aa200000, 0x00000000aa200000| Untracked 
| 163|0x00000000aa300000, 0x00000000aa300000, 0x00000000aa400000|  0%| F|  |TAMS 0x00000000aa300000, 0x00000000aa300000| Untracked 
| 164|0x00000000aa400000, 0x00000000aa400000, 0x00000000aa500000|  0%| F|  |TAMS 0x00000000aa400000, 0x00000000aa400000| Untracked 
| 165|0x00000000aa500000, 0x00000000aa500000, 0x00000000aa600000|  0%| F|  |TAMS 0x00000000aa500000, 0x00000000aa500000| Untracked 
| 166|0x00000000aa600000, 0x00000000aa600000, 0x00000000aa700000|  0%| F|  |TAMS 0x00000000aa600000, 0x00000000aa600000| Untracked 
| 167|0x00000000aa700000, 0x00000000aa7a5938, 0x00000000aa800000| 64%| E|  |TAMS 0x00000000aa700000, 0x00000000aa700000| Complete 
| 168|0x00000000aa800000, 0x00000000aa900000, 0x00000000aa900000|100%| E|CS|TAMS 0x00000000aa800000, 0x00000000aa800000| Complete 
| 169|0x00000000aa900000, 0x00000000aaa00000, 0x00000000aaa00000|100%| E|CS|TAMS 0x00000000aa900000, 0x00000000aa900000| Complete 
| 170|0x00000000aaa00000, 0x00000000aab00000, 0x00000000aab00000|100%| E|CS|TAMS 0x00000000aaa00000, 0x00000000aaa00000| Complete 
| 171|0x00000000aab00000, 0x00000000aac00000, 0x00000000aac00000|100%| E|CS|TAMS 0x00000000aab00000, 0x00000000aab00000| Complete 
| 172|0x00000000aac00000, 0x00000000aad00000, 0x00000000aad00000|100%| E|CS|TAMS 0x00000000aac00000, 0x00000000aac00000| Complete 
| 173|0x00000000aad00000, 0x00000000aae00000, 0x00000000aae00000|100%| E|CS|TAMS 0x00000000aad00000, 0x00000000aad00000| Complete 
| 174|0x00000000aae00000, 0x00000000aaf00000, 0x00000000aaf00000|100%| E|CS|TAMS 0x00000000aae00000, 0x00000000aae00000| Complete 
| 175|0x00000000aaf00000, 0x00000000ab000000, 0x00000000ab000000|100%| E|CS|TAMS 0x00000000aaf00000, 0x00000000aaf00000| Complete 
| 176|0x00000000ab000000, 0x00000000ab100000, 0x00000000ab100000|100%| E|CS|TAMS 0x00000000ab000000, 0x00000000ab000000| Complete 
| 177|0x00000000ab100000, 0x00000000ab200000, 0x00000000ab200000|100%| E|CS|TAMS 0x00000000ab100000, 0x00000000ab100000| Complete 
| 178|0x00000000ab200000, 0x00000000ab300000, 0x00000000ab300000|100%| E|CS|TAMS 0x00000000ab200000, 0x00000000ab200000| Complete 
| 179|0x00000000ab300000, 0x00000000ab400000, 0x00000000ab400000|100%| E|CS|TAMS 0x00000000ab300000, 0x00000000ab300000| Complete 
| 180|0x00000000ab400000, 0x00000000ab500000, 0x00000000ab500000|100%| E|CS|TAMS 0x00000000ab400000, 0x00000000ab400000| Complete 
| 181|0x00000000ab500000, 0x00000000ab600000, 0x00000000ab600000|100%| E|CS|TAMS 0x00000000ab500000, 0x00000000ab500000| Complete 
| 182|0x00000000ab600000, 0x00000000ab700000, 0x00000000ab700000|100%| E|CS|TAMS 0x00000000ab600000, 0x00000000ab600000| Complete 
| 183|0x00000000ab700000, 0x00000000ab800000, 0x00000000ab800000|100%| E|CS|TAMS 0x00000000ab700000, 0x00000000ab700000| Complete 
| 184|0x00000000ab800000, 0x00000000ab900000, 0x00000000ab900000|100%| E|CS|TAMS 0x00000000ab800000, 0x00000000ab800000| Complete 

Card table byte_map: [0x0000025517480000,0x0000025517780000] _byte_map_base: 0x0000025516f80000

Marking Bits (Prev, Next): (CMBitMap*) 0x000002550284ef38, (CMBitMap*) 0x000002550284ef70
 Prev Bits: [0x0000025517a80000, 0x0000025519280000)
 Next Bits: [0x0000025519280000, 0x000002551aa80000)

Polling page: 0x0000025502690000

Metaspace:

Usage:
  Non-class:     84.37 MB capacity,    82.10 MB ( 97%) used,     1.98 MB (  2%) free+waste,   293.75 KB ( <1%) overhead. 
      Class:     13.30 MB capacity,    12.22 MB ( 92%) used,   967.73 KB (  7%) free+waste,   135.75 KB ( <1%) overhead. 
       Both:     97.66 MB capacity,    94.32 MB ( 97%) used,     2.93 MB (  3%) free+waste,   429.50 KB ( <1%) overhead. 

Virtual space:
  Non-class space:       86.00 MB reserved,      84.58 MB ( 98%) committed 
      Class space:        1.00 GB reserved,      13.38 MB (  1%) committed 
             Both:        1.08 GB reserved,      97.95 MB (  9%) committed 

Chunk freelists:
   Non-Class:  26.00 KB
       Class:  14.00 KB
        Both:  40.00 KB

MaxMetaspaceSize: 17179869184.00 GB
CompressedClassSpaceSize: 1.00 GB
Initial GC threshold: 20.80 MB
Current GC threshold: 161.38 MB
CDS: off

CodeHeap 'non-profiled nmethods': size=120064Kb used=6020Kb max_used=6020Kb free=114044Kb
 bounds [0x000002550f620000, 0x000002550fc10000, 0x0000025516b60000]
CodeHeap 'profiled nmethods': size=120000Kb used=24180Kb max_used=24180Kb free=95820Kb
 bounds [0x00000255080f0000, 0x0000025509890000, 0x000002550f620000]
CodeHeap 'non-nmethods': size=5696Kb used=2381Kb max_used=2423Kb free=3314Kb
 bounds [0x0000025507b60000, 0x0000025507dd0000, 0x00000255080f0000]
 total_blobs=12499 nmethods=11594 adapters=817
 compilation: enabled
              stopped_count=0, restarted_count=0
 full_count=0

Compilation events (20 events):
Event: 77.497 Thread 0x000002551d0ad000 nmethod 11857 0x000002550988b010 code [0x000002550988b1e0, 0x000002550988b4b8]
Event: 77.497 Thread 0x000002551d0ad000 11858       3       java.util.concurrent.ScheduledThreadPoolExecutor::canRunInCurrentRunState (61 bytes)
Event: 77.498 Thread 0x000002551d0ad000 nmethod 11858 0x000002550988b590 code [0x000002550988b7c0, 0x000002550988bfe8]
Event: 80.711 Thread 0x000002551d0ad000 11859       1       org.gradle.cache.internal.DefaultFileLockManager$DefaultFileLock::access$300 (5 bytes)
Event: 80.711 Thread 0x000002551d0ad000 nmethod 11859 0x000002550fbfdd90 code [0x000002550fbfdf40, 0x000002550fbfdfd8]
Event: 81.506 Thread 0x000002551d0ad000 11860       1       java.util.stream.FindOps$FindOp::getOpFlags (5 bytes)
Event: 81.506 Thread 0x000002551d0ad000 nmethod 11860 0x000002550fbfe090 code [0x000002550fbfe240, 0x000002550fbfe2f8]
Event: 81.506 Thread 0x000002551d0a7800 11861       4       java.util.Collections$UnmodifiableCollection::contains (11 bytes)
Event: 81.508 Thread 0x000002551d0a7800 nmethod 11861 0x000002550fbfe390 code [0x000002550fbfe520, 0x000002550fbfe5b8]
Event: 86.455 Thread 0x000002551d0ad000 11862       3       java.util.HashMap$Values::spliterator (16 bytes)
Event: 86.455 Thread 0x000002551d0a7800 11864       4       java.util.stream.AbstractPipeline::sequential (10 bytes)
Event: 86.456 Thread 0x000002551d0ad000 nmethod 11862 0x000002550988c210 code [0x000002550988c3e0, 0x000002550988c608]
Event: 86.456 Thread 0x000002551d0ad000 11863       3       java.util.HashMap$ValueSpliterator::<init> (12 bytes)
Event: 86.456 Thread 0x000002551d0ad000 nmethod 11863 0x000002550988c710 code [0x000002550988c8c0, 0x000002550988cad8]
Event: 86.456 Thread 0x000002551d0a7800 nmethod 11864 0x000002550fbfe690 code [0x000002550fbfe820, 0x000002550fbfe898]
Event: 88.829 Thread 0x000002551d0a7800 11865       4       org.gradle.internal.logging.text.AbstractLineChoppingStyledTextOutput::doAppend (43 bytes)
Event: 88.829 Thread 0x000002551d0ad000 11866       2       org.gradle.internal.logging.text.AbstractLineChoppingStyledTextOutput$1::execute (9 bytes)
Event: 88.830 Thread 0x000002551d0ad000 nmethod 11866 0x000002550988cc10 code [0x000002550988cdc0, 0x000002550988cf08]
Event: 88.970 Thread 0x000002551d0a7800 nmethod 11865 0x000002550fbfe990 code [0x000002550fbfec20, 0x000002550fc00330]
Event: 89.516 Thread 0x000002551d0a7800 11867       4       java.util.concurrent.locks.AbstractQueuedSynchronizer$ConditionObject::awaitNanos (181 bytes)

GC Heap History (20 events):
Event: 62.056 GC heap before
{Heap before GC invocations=38 (full 0):
 garbage-first heap   total 131072K, used 112306K [0x00000000a0000000, 0x0000000100000000)
  region size 1024K, 12 young (12288K), 2 survivors (2048K)
 Metaspace       used 86442K, capacity 89421K, committed 89680K, reserved 1126400K
  class space    used 11253K, capacity 12282K, committed 12288K, reserved 1048576K
}
Event: 62.063 GC heap after
{Heap after GC invocations=39 (full 0):
 garbage-first heap   total 131072K, used 102502K [0x00000000a0000000, 0x0000000100000000)
  region size 1024K, 1 young (1024K), 1 survivors (1024K)
 Metaspace       used 86442K, capacity 89421K, committed 89680K, reserved 1126400K
  class space    used 11253K, capacity 12282K, committed 12288K, reserved 1048576K
}
Event: 62.645 GC heap before
{Heap before GC invocations=40 (full 0):
 garbage-first heap   total 131072K, used 112742K [0x00000000a0000000, 0x0000000100000000)
  region size 1024K, 11 young (11264K), 1 survivors (1024K)
 Metaspace       used 87299K, capacity 90351K, committed 90448K, reserved 1128448K
  class space    used 11409K, capacity 12456K, committed 12544K, reserved 1048576K
}
Event: 62.650 GC heap after
{Heap after GC invocations=41 (full 0):
 garbage-first heap   total 131072K, used 103017K [0x00000000a0000000, 0x0000000100000000)
  region size 1024K, 2 young (2048K), 2 survivors (2048K)
 Metaspace       used 87299K, capacity 90351K, committed 90448K, reserved 1128448K
  class space    used 11409K, capacity 12456K, committed 12544K, reserved 1048576K
}
Event: 63.276 GC heap before
{Heap before GC invocations=41 (full 0):
 garbage-first heap   total 131072K, used 112233K [0x00000000a0000000, 0x0000000100000000)
  region size 1024K, 11 young (11264K), 2 survivors (2048K)
 Metaspace       used 89134K, capacity 92166K, committed 92368K, reserved 1128448K
  class space    used 11619K, capacity 12653K, committed 12672K, reserved 1048576K
}
Event: 63.287 GC heap after
{Heap after GC invocations=42 (full 0):
 garbage-first heap   total 157696K, used 103712K [0x00000000a0000000, 0x0000000100000000)
  region size 1024K, 2 young (2048K), 2 survivors (2048K)
 Metaspace       used 89134K, capacity 92166K, committed 92368K, reserved 1128448K
  class space    used 11619K, capacity 12653K, committed 12672K, reserved 1048576K
}
Event: 64.284 GC heap before
{Heap before GC invocations=43 (full 0):
 garbage-first heap   total 157696K, used 122144K [0x00000000a0000000, 0x0000000100000000)
  region size 1024K, 20 young (20480K), 2 survivors (2048K)
 Metaspace       used 90526K, capacity 93632K, committed 93776K, reserved 1130496K
  class space    used 11793K, capacity 12796K, committed 12800K, reserved 1048576K
}
Event: 64.292 GC heap after
{Heap after GC invocations=44 (full 0):
 garbage-first heap   total 157696K, used 104824K [0x00000000a0000000, 0x0000000100000000)
  region size 1024K, 3 young (3072K), 3 survivors (3072K)
 Metaspace       used 90526K, capacity 93632K, committed 93776K, reserved 1130496K
  class space    used 11793K, capacity 12796K, committed 12800K, reserved 1048576K
}
Event: 65.083 GC heap before
{Heap before GC invocations=44 (full 0):
 garbage-first heap   total 157696K, used 124280K [0x00000000a0000000, 0x0000000100000000)
  region size 1024K, 22 young (22528K), 3 survivors (3072K)
 Metaspace       used 91559K, capacity 94644K, committed 94672K, reserved 1130496K
  class space    used 11901K, capacity 12906K, committed 12928K, reserved 1048576K
}
Event: 65.099 GC heap after
{Heap after GC invocations=45 (full 0):
 garbage-first heap   total 157696K, used 107168K [0x00000000a0000000, 0x0000000100000000)
  region size 1024K, 3 young (3072K), 3 survivors (3072K)
 Metaspace       used 91559K, capacity 94644K, committed 94672K, reserved 1130496K
  class space    used 11901K, capacity 12906K, committed 12928K, reserved 1048576K
}
Event: 66.152 GC heap before
{Heap before GC invocations=46 (full 0):
 garbage-first heap   total 157696K, used 126624K [0x00000000a0000000, 0x0000000100000000)
  region size 1024K, 22 young (22528K), 3 survivors (3072K)
 Metaspace       used 92001K, capacity 95241K, committed 95312K, reserved 1132544K
  class space    used 11946K, capacity 13002K, committed 13056K, reserved 1048576K
}
Event: 66.170 GC heap after
{Heap after GC invocations=47 (full 0):
 garbage-first heap   total 157696K, used 111260K [0x00000000a0000000, 0x0000000100000000)
  region size 1024K, 3 young (3072K), 3 survivors (3072K)
 Metaspace       used 92001K, capacity 95241K, committed 95312K, reserved 1132544K
  class space    used 11946K, capacity 13002K, committed 13056K, reserved 1048576K
}
Event: 66.709 GC heap before
{Heap before GC invocations=47 (full 0):
 garbage-first heap   total 157696K, used 128668K [0x00000000a0000000, 0x0000000100000000)
  region size 1024K, 20 young (20480K), 3 survivors (3072K)
 Metaspace       used 92486K, capacity 95642K, committed 95824K, reserved 1132544K
  class space    used 12000K, capacity 13044K, committed 13056K, reserved 1048576K
}
Event: 66.723 GC heap after
{Heap after GC invocations=48 (full 0):
 garbage-first heap   total 157696K, used 114220K [0x00000000a0000000, 0x0000000100000000)
  region size 1024K, 3 young (3072K), 3 survivors (3072K)
 Metaspace       used 92486K, capacity 95642K, committed 95824K, reserved 1132544K
  class space    used 12000K, capacity 13044K, committed 13056K, reserved 1048576K
}
Event: 67.468 GC heap before
{Heap before GC invocations=49 (full 0):
 garbage-first heap   total 157696K, used 130604K [0x00000000a0000000, 0x0000000100000000)
  region size 1024K, 19 young (19456K), 3 survivors (3072K)
 Metaspace       used 93283K, capacity 96480K, committed 96720K, reserved 1132544K
  class space    used 12102K, capacity 13149K, committed 13184K, reserved 1048576K
}
Event: 67.479 GC heap after
{Heap after GC invocations=50 (full 0):
 garbage-first heap   total 157696K, used 115759K [0x00000000a0000000, 0x0000000100000000)
  region size 1024K, 2 young (2048K), 2 survivors (2048K)
 Metaspace       used 93283K, capacity 96480K, committed 96720K, reserved 1132544K
  class space    used 12102K, capacity 13149K, committed 13184K, reserved 1048576K
}
Event: 68.265 GC heap before
{Heap before GC invocations=50 (full 0):
 garbage-first heap   total 157696K, used 131119K [0x00000000a0000000, 0x0000000100000000)
  region size 1024K, 18 young (18432K), 2 survivors (2048K)
 Metaspace       used 95022K, capacity 98234K, committed 98512K, reserved 1134592K
  class space    used 12224K, capacity 13323K, committed 13440K, reserved 1048576K
}
Event: 68.277 GC heap after
{Heap after GC invocations=51 (full 0):
 garbage-first heap   total 189440K, used 118475K [0x00000000a0000000, 0x0000000100000000)
  region size 1024K, 3 young (3072K), 3 survivors (3072K)
 Metaspace       used 95022K, capacity 98234K, committed 98512K, reserved 1134592K
  class space    used 12224K, capacity 13323K, committed 13440K, reserved 1048576K
}
Event: 72.111 GC heap before
{Heap before GC invocations=52 (full 0):
 garbage-first heap   total 189440K, used 145099K [0x00000000a0000000, 0x0000000100000000)
  region size 1024K, 30 young (30720K), 3 survivors (3072K)
 Metaspace       used 96028K, capacity 99482K, committed 99664K, reserved 1136640K
  class space    used 12421K, capacity 13527K, committed 13568K, reserved 1048576K
}
Event: 72.126 GC heap after
{Heap after GC invocations=53 (full 0):
 garbage-first heap   total 189440K, used 119726K [0x00000000a0000000, 0x0000000100000000)
  region size 1024K, 3 young (3072K), 3 survivors (3072K)
 Metaspace       used 96028K, capacity 99482K, committed 99664K, reserved 1136640K
  class space    used 12421K, capacity 13527K, committed 13568K, reserved 1048576K
}

Deoptimization events (20 events):
Event: 73.251 Thread 0x000002551ee27800 Uncommon trap: trap_request=0xffffffc6 fr.pc=0x000002550fbe4a40 relative=0x00000000000028e0
Event: 73.251 Thread 0x000002551ee27800 Uncommon trap: reason=bimorphic_or_optimized_type_check action=maybe_recompile pc=0x000002550fbe4a40 method=org.gradle.internal.snapshot.AbstractListChildMap.store(Lorg/gradle/internal/snapshot/VfsRelativePath;Lorg/gradle/internal/snapshot/CaseSensitivity
Event: 73.251 Thread 0x000002551ee27800 DEOPT PACKING pc=0x000002550fbe4a40 sp=0x0000009fb0ff9df0
Event: 73.251 Thread 0x000002551ee27800 DEOPT UNPACKING pc=0x0000025507baa1af sp=0x0000009fb0ff9df0 mode 2
Event: 73.251 Thread 0x000002551ee27800 Uncommon trap: trap_request=0xffffffc6 fr.pc=0x000002550fbe4a40 relative=0x00000000000028e0
Event: 73.251 Thread 0x000002551ee27800 Uncommon trap: reason=bimorphic_or_optimized_type_check action=maybe_recompile pc=0x000002550fbe4a40 method=org.gradle.internal.snapshot.AbstractListChildMap.store(Lorg/gradle/internal/snapshot/VfsRelativePath;Lorg/gradle/internal/snapshot/CaseSensitivity
Event: 73.251 Thread 0x000002551ee27800 DEOPT PACKING pc=0x000002550fbe4a40 sp=0x0000009fb0ff9df0
Event: 73.251 Thread 0x000002551ee27800 DEOPT UNPACKING pc=0x0000025507baa1af sp=0x0000009fb0ff9df0 mode 2
Event: 73.251 Thread 0x000002551ee27800 Uncommon trap: trap_request=0xffffffc6 fr.pc=0x000002550fbe4a40 relative=0x00000000000028e0
Event: 73.251 Thread 0x000002551ee27800 Uncommon trap: reason=bimorphic_or_optimized_type_check action=maybe_recompile pc=0x000002550fbe4a40 method=org.gradle.internal.snapshot.AbstractListChildMap.store(Lorg/gradle/internal/snapshot/VfsRelativePath;Lorg/gradle/internal/snapshot/CaseSensitivity
Event: 73.251 Thread 0x000002551ee27800 DEOPT PACKING pc=0x000002550fbe4a40 sp=0x0000009fb0ff9df0
Event: 73.251 Thread 0x000002551ee27800 DEOPT UNPACKING pc=0x0000025507baa1af sp=0x0000009fb0ff9df0 mode 2
Event: 73.251 Thread 0x000002551ee27800 Uncommon trap: trap_request=0xffffffc6 fr.pc=0x000002550fbe4a40 relative=0x00000000000028e0
Event: 73.251 Thread 0x000002551ee27800 Uncommon trap: reason=bimorphic_or_optimized_type_check action=maybe_recompile pc=0x000002550fbe4a40 method=org.gradle.internal.snapshot.AbstractListChildMap.store(Lorg/gradle/internal/snapshot/VfsRelativePath;Lorg/gradle/internal/snapshot/CaseSensitivity
Event: 73.251 Thread 0x000002551ee27800 DEOPT PACKING pc=0x000002550fbe4a40 sp=0x0000009fb0ff9df0
Event: 73.251 Thread 0x000002551ee27800 DEOPT UNPACKING pc=0x0000025507baa1af sp=0x0000009fb0ff9df0 mode 2
Event: 88.824 Thread 0x000002551ee21800 Uncommon trap: trap_request=0xffffff4d fr.pc=0x000002550fbcbe78 relative=0x0000000000000058
Event: 88.824 Thread 0x000002551ee21800 Uncommon trap: reason=unstable_if action=reinterpret pc=0x000002550fbcbe78 method=org.gradle.internal.io.StreamByteBuffer.prepareRead()I @ 20 c2
Event: 88.824 Thread 0x000002551ee21800 DEOPT PACKING pc=0x000002550fbcbe78 sp=0x0000009fb71fe510
Event: 88.824 Thread 0x000002551ee21800 DEOPT UNPACKING pc=0x0000025507baa1af sp=0x0000009fb71fe4c8 mode 2

Classes redefined (0 events):
No events

Internal exceptions (20 events):
Event: 73.397 Thread 0x000002551ee27800 Exception <a 'java/lang/ClassNotFoundException'{0x00000000aacb9580}: org/gradle/process/internal/DefaultExecAction_DecoratedBeanInfo> (0x00000000aacb9580) thrown at [src/hotspot/share/classfile/systemDictionary.cpp, line 230]
Event: 73.399 Thread 0x000002551ee27800 Exception <a 'java/lang/ClassNotFoundException'{0x00000000aacec7a8}: org/gradle/process/internal/DefaultExecActionBeanInfo> (0x00000000aacec7a8) thrown at [src/hotspot/share/classfile/systemDictionary.cpp, line 230]
Event: 73.401 Thread 0x000002551ee27800 Exception <a 'java/lang/ClassNotFoundException'{0x00000000aab23020}: org/gradle/process/internal/DefaultExecHandleBuilderBeanInfo> (0x00000000aab23020) thrown at [src/hotspot/share/classfile/systemDictionary.cpp, line 230]
Event: 73.403 Thread 0x000002551ee27800 Exception <a 'java/lang/ClassNotFoundException'{0x00000000aab59fd0}: org/gradle/process/internal/AbstractExecHandleBuilderBeanInfo> (0x00000000aab59fd0) thrown at [src/hotspot/share/classfile/systemDictionary.cpp, line 230]
Event: 73.404 Thread 0x000002551ee27800 Exception <a 'java/lang/ClassNotFoundException'{0x00000000aab91218}: org/gradle/process/internal/DefaultProcessForkOptionsBeanInfo> (0x00000000aab91218) thrown at [src/hotspot/share/classfile/systemDictionary.cpp, line 230]
Event: 73.408 Thread 0x000002551ee27800 Exception <a 'java/lang/ClassNotFoundException'{0x00000000aabc8ca0}: org/gradle/process/internal/DefaultProcessForkOptionsCustomizer> (0x00000000aabc8ca0) thrown at [src/hotspot/share/classfile/systemDictionary.cpp, line 230]
Event: 73.414 Thread 0x000002551ee27800 Exception <a 'java/lang/ClassNotFoundException'{0x00000000aaa0d610}: org/gradle/process/internal/AbstractExecHandleBuilderCustomizer> (0x00000000aaa0d610) thrown at [src/hotspot/share/classfile/systemDictionary.cpp, line 230]
Event: 73.418 Thread 0x000002551ee27800 Exception <a 'java/lang/ClassNotFoundException'{0x00000000aaa55878}: org/gradle/process/internal/DefaultExecHandleBuilderCustomizer> (0x00000000aaa55878) thrown at [src/hotspot/share/classfile/systemDictionary.cpp, line 230]
Event: 73.426 Thread 0x000002551ee27800 Exception <a 'java/lang/ClassNotFoundException'{0x00000000aaab57c8}: org/gradle/process/internal/DefaultExecActionCustomizer> (0x00000000aaab57c8) thrown at [src/hotspot/share/classfile/systemDictionary.cpp, line 230]
Event: 73.428 Thread 0x000002551ee27800 Exception <a 'java/lang/ClassNotFoundException'{0x00000000aaaf6048}: org/gradle/process/internal/DefaultExecAction_DecoratedCustomizer> (0x00000000aaaf6048) thrown at [src/hotspot/share/classfile/systemDictionary.cpp, line 230]
Event: 73.434 Thread 0x000002551ee27800 Exception <a 'java/lang/ClassNotFoundException'{0x00000000aa953128}: org/gradle/api/logging/LogLevelBeanInfo> (0x00000000aa953128) thrown at [src/hotspot/share/classfile/systemDictionary.cpp, line 230]
Event: 73.438 Thread 0x000002551ee27800 Exception <a 'java/lang/ClassNotFoundException'{0x00000000aa980cd0}: org/gradle/api/logging/LogLevelCustomizer> (0x00000000aa980cd0) thrown at [src/hotspot/share/classfile/systemDictionary.cpp, line 230]
Event: 73.452 Thread 0x000002551ee27800 Exception <a 'java/lang/ClassNotFoundException'{0x00000000aa9f7da0}: org/gradle/internal/logging/services/DefaultLoggingManagerBeanInfo> (0x00000000aa9f7da0) thrown at [src/hotspot/share/classfile/systemDictionary.cpp, line 230]
Event: 73.453 Thread 0x000002551ee27800 Exception <a 'java/lang/ClassNotFoundException'{0x00000000aa830d88}: org/gradle/internal/logging/services/DefaultLoggingManagerCustomizer> (0x00000000aa830d88) thrown at [src/hotspot/share/classfile/systemDictionary.cpp, line 230]
Event: 73.464 Thread 0x000002551ee27800 Exception <a 'java/lang/ClassNotFoundException'{0x00000000aa86e508}: java/lang/BooleanBeanInfo> (0x00000000aa86e508) thrown at [src/hotspot/share/classfile/systemDictionary.cpp, line 230]
Event: 73.464 Thread 0x000002551ee27800 Exception <a 'java/lang/ClassNotFoundException'{0x00000000aa87bea8}: java/lang/BooleanCustomizer> (0x00000000aa87bea8) thrown at [src/hotspot/share/classfile/systemDictionary.cpp, line 230]
Event: 73.638 Thread 0x000002551ee25000 Exception <a 'java/lang/NoSuchMethodError'{0x00000000aa8f1f58}: 'void java.lang.invoke.DirectMethodHandle$Holder.invokeStatic(java.lang.Object, long)'> (0x00000000aa8f1f58) thrown at [src/hotspot/share/interpreter/linkResolver.cpp, line 773]
Event: 73.639 Thread 0x000002551ee25000 Exception <a 'java/lang/NoSuchMethodError'{0x00000000aa8f6ec8}: 'java.lang.Object java.lang.invoke.DirectMethodHandle$Holder.invokeStatic(java.lang.Object, long)'> (0x00000000aa8f6ec8) thrown at [src/hotspot/share/interpreter/linkResolver.cpp, line 773]
Event: 73.640 Thread 0x000002551ee25000 Exception <a 'java/lang/NoSuchMethodError'{0x00000000aa8fa430}: 'java.lang.Object java.lang.invoke.DirectMethodHandle$Holder.invokeSpecial(java.lang.Object, java.lang.Object, long)'> (0x00000000aa8fa430) thrown at [src/hotspot/share/interpreter/linkResolver.cpp, line 773]
Event: 73.645 Thread 0x000002551ee25000 Exception <a 'java/lang/NoSuchMethodError'{0x00000000aa7055c8}: 'java.lang.Object java.lang.invoke.DirectMethodHandle$Holder.invokeStaticInit(java.lang.Object, java.lang.Object, long, java.lang.Object)'> (0x00000000aa7055c8) thrown at [src/hotspot/share/interpreter/linkResolver.cpp, line 773]

Events (20 events):
Event: 73.646 loading class java/lang/ProcessImpl$2
Event: 73.646 loading class java/lang/ProcessImpl$2 done
Event: 73.646 loading class java/lang/Process$PipeInputStream
Event: 73.647 loading class java/lang/Process$PipeInputStream done
Event: 73.647 Executing VM operation: Deoptimize
Event: 73.650 Executing VM operation: Deoptimize done
Event: 73.650 loading class org/gradle/process/internal/streams/ExecOutputHandleRunner
Event: 73.650 loading class org/gradle/process/internal/streams/ExecOutputHandleRunner done
Event: 73.652 Thread 0x000002551ee21800 Thread added: 0x000002551ee21800
Event: 73.652 Thread 0x000002551ee26800 Thread added: 0x000002551ee26800
Event: 88.825 loading class org/gradle/internal/logging/events/StyledTextOutputEvent$Span
Event: 88.825 loading class org/gradle/internal/logging/events/StyledTextOutputEvent$Span done
Event: 88.826 loading class org/gradle/internal/logging/events/operations/StyledTextBuildOperationProgressDetails$Span
Event: 88.826 loading class org/gradle/internal/logging/events/operations/StyledTextBuildOperationProgressDetails$Span done
Event: 88.826 loading class org/gradle/internal/operations/logging/StyledTextBuildOperationProgressDetails$Span
Event: 88.826 loading class org/gradle/internal/operations/logging/StyledTextBuildOperationProgressDetails$Span done
Event: 88.826 Executing VM operation: RevokeBias
Event: 88.827 Executing VM operation: RevokeBias done
Event: 88.827 Executing VM operation: RevokeBias
Event: 88.827 Executing VM operation: RevokeBias done


Dynamic libraries:
0x00007ff758920000 - 0x00007ff75892a000 	C:\Program Files\Android\Android Studio\jbr\bin\java.exe
0x00007ffc3a3d0000 - 0x00007ffc3a5c8000 	C:\WINDOWS\SYSTEM32\ntdll.dll
0x00007ffc38ba0000 - 0x00007ffc38c5f000 	C:\WINDOWS\System32\KERNEL32.DLL
0x00007ffc37ea0000 - 0x00007ffc38172000 	C:\WINDOWS\System32\KERNELBASE.dll
0x00007ffc38240000 - 0x00007ffc38340000 	C:\WINDOWS\System32\ucrtbase.dll
0x00007ffc32f30000 - 0x00007ffc32f47000 	C:\Program Files\Android\Android Studio\jbr\bin\jli.dll
0x00007ffc279c0000 - 0x00007ffc279db000 	C:\Program Files\Android\Android Studio\jbr\bin\VCRUNTIME140.dll
0x00007ffc393d0000 - 0x00007ffc39571000 	C:\WINDOWS\System32\USER32.dll
0x00007ffc38210000 - 0x00007ffc38232000 	C:\WINDOWS\System32\win32u.dll
0x00007ffc38420000 - 0x00007ffc3844b000 	C:\WINDOWS\System32\GDI32.dll
0x00007ffc37c30000 - 0x00007ffc37d3f000 	C:\WINDOWS\System32\gdi32full.dll
0x00007ffc29a80000 - 0x00007ffc29d1a000 	C:\WINDOWS\WinSxS\amd64_microsoft.windows.common-controls_6595b64144ccf1df_6.0.19041.1110_none_60b5254171f9507e\COMCTL32.dll
0x00007ffc37e00000 - 0x00007ffc37e9d000 	C:\WINDOWS\System32\msvcp_win.dll
0x00007ffc39190000 - 0x00007ffc3922e000 	C:\WINDOWS\System32\msvcrt.dll
0x00007ffc38f50000 - 0x00007ffc38f80000 	C:\WINDOWS\System32\IMM32.DLL
0x00007ffc32ed0000 - 0x00007ffc32edc000 	C:\Program Files\Android\Android Studio\jbr\bin\vcruntime140_1.dll
0x00007ffc271f0000 - 0x00007ffc2727d000 	C:\Program Files\Android\Android Studio\jbr\bin\msvcp140.dll
0x00007ffc00e10000 - 0x00007ffc019cc000 	C:\Program Files\Android\Android Studio\jbr\bin\server\jvm.dll
0x00007ffc3a0a0000 - 0x00007ffc3a14e000 	C:\WINDOWS\System32\ADVAPI32.dll
0x00007ffc38d80000 - 0x00007ffc38e1c000 	C:\WINDOWS\System32\sechost.dll
0x00007ffc38e20000 - 0x00007ffc38f44000 	C:\WINDOWS\System32\RPCRT4.dll
0x00007ffc3a380000 - 0x00007ffc3a388000 	C:\WINDOWS\System32\PSAPI.DLL
0x00007ffc28870000 - 0x00007ffc28879000 	C:\WINDOWS\SYSTEM32\WSOCK32.dll
0x00007ffc39ae0000 - 0x00007ffc39b4b000 	C:\WINDOWS\System32\WS2_32.dll
0x00007ffc2a530000 - 0x00007ffc2a557000 	C:\WINDOWS\SYSTEM32\WINMM.dll
0x00007ffc291a0000 - 0x00007ffc291aa000 	C:\WINDOWS\SYSTEM32\VERSION.dll
0x00007ffc36320000 - 0x00007ffc36332000 	C:\WINDOWS\SYSTEM32\kernel.appcore.dll
0x00007ffc34c50000 - 0x00007ffc34c60000 	C:\Program Files\Android\Android Studio\jbr\bin\verify.dll
0x00007ffc26c00000 - 0x00007ffc26de4000 	C:\WINDOWS\SYSTEM32\DBGHELP.DLL
0x00007ffc241d0000 - 0x00007ffc24205000 	C:\WINDOWS\SYSTEM32\dbgcore.DLL
0x00007ffc38180000 - 0x00007ffc38202000 	C:\WINDOWS\System32\bcryptPrimitives.dll
0x00007ffc34c20000 - 0x00007ffc34c48000 	C:\Program Files\Android\Android Studio\jbr\bin\java.dll
0x00007ffc34bf0000 - 0x00007ffc34bfa000 	C:\Program Files\Android\Android Studio\jbr\bin\jimage.dll
0x00007ffc287f0000 - 0x00007ffc28808000 	C:\Program Files\Android\Android Studio\jbr\bin\zip.dll
0x00007ffc38450000 - 0x00007ffc38b95000 	C:\WINDOWS\System32\SHELL32.dll
0x00007ffc35b70000 - 0x00007ffc36302000 	C:\WINDOWS\SYSTEM32\windows.storage.dll
0x00007ffc39b50000 - 0x00007ffc39ea5000 	C:\WINDOWS\System32\combase.dll
0x00007ffc374c0000 - 0x00007ffc374f0000 	C:\WINDOWS\SYSTEM32\Wldp.dll
0x00007ffc39eb0000 - 0x00007ffc39f5d000 	C:\WINDOWS\System32\SHCORE.dll
0x00007ffc39a80000 - 0x00007ffc39ad5000 	C:\WINDOWS\System32\shlwapi.dll
0x00007ffc37a10000 - 0x00007ffc37a2f000 	C:\WINDOWS\SYSTEM32\profapi.dll
0x00007ffc286a0000 - 0x00007ffc286b9000 	C:\Program Files\Android\Android Studio\jbr\bin\net.dll
0x00007ffc2e740000 - 0x00007ffc2e84a000 	C:\WINDOWS\SYSTEM32\WINHTTP.dll
0x00007ffc37220000 - 0x00007ffc3728a000 	C:\WINDOWS\system32\mswsock.dll
0x00007ffc28300000 - 0x00007ffc28313000 	C:\Program Files\Android\Android Studio\jbr\bin\nio.dll
0x00007ffc173b0000 - 0x00007ffc173d7000 	C:\Users\HP\.gradle\native\e1d6ef7f7dcc3fd88c89a11ec53ec762bb8ba0a96d01ffa2cd45eb1d1d8dd5c5\windows-amd64\native-platform.dll
0x00007ffc00a10000 - 0x00007ffc00b54000 	C:\Users\HP\.gradle\native\0d407fdbe67a94daf76414ababcb853783967236a71b16ec16e742cd7a986fd3\windows-amd64\native-platform-file-events.dll
0x00007ffc282f0000 - 0x00007ffc282fa000 	C:\Program Files\Android\Android Studio\jbr\bin\management.dll
0x00007ffc282e0000 - 0x00007ffc282eb000 	C:\Program Files\Android\Android Studio\jbr\bin\management_ext.dll
0x00007ffc37410000 - 0x00007ffc37428000 	C:\WINDOWS\SYSTEM32\CRYPTSP.dll
0x00007ffc36b40000 - 0x00007ffc36b74000 	C:\WINDOWS\system32\rsaenh.dll
0x00007ffc38340000 - 0x00007ffc38367000 	C:\WINDOWS\System32\bcrypt.dll
0x00007ffc379d0000 - 0x00007ffc379fe000 	C:\WINDOWS\SYSTEM32\USERENV.dll
0x00007ffc37430000 - 0x00007ffc3743c000 	C:\WINDOWS\SYSTEM32\CRYPTBASE.dll
0x00007ffc36f10000 - 0x00007ffc36f4b000 	C:\WINDOWS\SYSTEM32\IPHLPAPI.DLL
0x00007ffc399f0000 - 0x00007ffc399f8000 	C:\WINDOWS\System32\NSI.dll
0x00007ffc30450000 - 0x00007ffc30467000 	C:\WINDOWS\SYSTEM32\dhcpcsvc6.DLL
0x00007ffc303c0000 - 0x00007ffc303dd000 	C:\WINDOWS\SYSTEM32\dhcpcsvc.DLL
0x00007ffc36f50000 - 0x00007ffc3701b000 	C:\WINDOWS\SYSTEM32\DNSAPI.dll

dbghelp: loaded successfully - version: 4.0.5 - missing functions: none
symbol engine: initialized successfully - sym options: 0x614 - pdb path: .;C:\Program Files\Android\Android Studio\jbr\bin;C:\WINDOWS\SYSTEM32;C:\WINDOWS\WinSxS\amd64_microsoft.windows.common-controls_6595b64144ccf1df_6.0.19041.1110_none_60b5254171f9507e;C:\Program Files\Android\Android Studio\jbr\bin\server;C:\Users\HP\.gradle\native\e1d6ef7f7dcc3fd88c89a11ec53ec762bb8ba0a96d01ffa2cd45eb1d1d8dd5c5\windows-amd64;C:\Users\HP\.gradle\native\0d407fdbe67a94daf76414ababcb853783967236a71b16ec16e742cd7a986fd3\windows-amd64

VM Arguments:
jvm_args: --add-opens=java.base/java.util=ALL-UNNAMED --add-opens=java.base/java.lang=ALL-UNNAMED --add-opens=java.base/java.lang.invoke=ALL-UNNAMED --add-opens=java.base/java.util=ALL-UNNAMED --add-opens=java.prefs/java.util.prefs=ALL-UNNAMED --add-opens=java.prefs/java.util.prefs=ALL-UNNAMED --add-opens=java.base/java.nio.charset=ALL-UNNAMED --add-opens=java.base/java.net=ALL-UNNAMED --add-opens=java.base/java.util.concurrent.atomic=ALL-UNNAMED -Xmx1536M -Dfile.encoding=windows-1252 -Duser.country=US -Duser.language=en -Duser.variant 
java_command: org.gradle.launcher.daemon.bootstrap.GradleDaemon 7.5
java_class_path (initial): C:\Users\HP\.gradle\wrapper\dists\gradle-7.5-all\6qsw290k5lz422uaf8jf6m7co\gradle-7.5\lib\gradle-launcher-7.5.jar
Launcher Type: SUN_STANDARD

[Global flags]
     intx CICompilerCount                          = 3                                         {product} {ergonomic}
     uint ConcGCThreads                            = 1                                         {product} {ergonomic}
     uint G1ConcRefinementThreads                  = 4                                         {product} {ergonomic}
   size_t G1HeapRegionSize                         = 1048576                                   {product} {ergonomic}
    uintx GCDrainStackTargetSize                   = 64                                        {product} {ergonomic}
   size_t InitialHeapSize                          = 134217728                                 {product} {ergonomic}
   size_t MarkStackSize                            = 4194304                                   {product} {ergonomic}
   size_t MaxHeapSize                              = 1610612736                                {product} {command line}
   size_t MaxNewSize                               = 965738496                                 {product} {ergonomic}
   size_t MinHeapDeltaBytes                        = 1048576                                   {product} {ergonomic}
    uintx NonNMethodCodeHeapSize                   = 5830732                                {pd product} {ergonomic}
    uintx NonProfiledCodeHeapSize                  = 122913754                              {pd product} {ergonomic}
    uintx ProfiledCodeHeapSize                     = 122913754                              {pd product} {ergonomic}
    uintx ReservedCodeCacheSize                    = 251658240                              {pd product} {ergonomic}
     bool SegmentedCodeCache                       = true                                      {product} {ergonomic}
     bool UseCompressedClassPointers               = true                                 {lp64_product} {ergonomic}
     bool UseCompressedOops                        = true                                 {lp64_product} {ergonomic}
     bool UseG1GC                                  = true                                      {product} {ergonomic}
     bool UseLargePagesIndividualAllocation        = false                                  {pd product} {ergonomic}

Logging:
Log output configuration:
 #0: stdout all=warning uptime,level,tags
 #1: stderr all=off uptime,level,tags

Environment Variables:
JAVA_HOME=C:\Program Files\Android\Android Studio\jbr
CLASSPATH=C:\Projekte\kuizi\android\\gradle\wrapper\gradle-wrapper.jar
PATH=C:\Program Files\Eclipse Adoptium\jdk-17.0.1.12-hotspot\bin;C:\WINDOWS\system32;C:\WINDOWS;C:\WINDOWS\System32\Wbem;C:\WINDOWS\System32\WindowsPowerShell\v1.0\;C:\WINDOWS\System32\OpenSSH\;D:\Program Files\Java\jdk-13.0.1\bin;C:\Program Files\dotnet\;C:\Program Files\Microsoft SQL Server\150\Tools\Binn\;C:\Program Files\Git\cmd;C:\Program Files\MySQL\MySQL Shell 8.0\bin\;C:\Users\HP\AppData\Local\Microsoft\WindowsApps;C:\Users\HP\AppData\Local\Programs\Microsoft VS Code\bin;C:\Users\HP\.dotnet\tools;C:\Users\HP\AppData\Local\JetBrains\PyCharm Community Edition 2022.2.2\bin;;C:\src\flutter\bin;;C:\src\flutter\bin\mingit\cmd
USERNAME=HP
OS=Windows_NT
PROCESSOR_IDENTIFIER=Intel64 Family 6 Model 61 Stepping 4, GenuineIntel



---------------  S Y S T E M  ---------------

OS: Windows 10 , 64 bit Build 19041 (10.0.19041.2546)
OS uptime: 2 days 20:06 hours

CPU:total 4 (initial active 4) (2 cores per cpu, 2 threads per core) family 6 model 61 stepping 4 microcode 0x2d, cmov, cx8, fxsr, mmx, sse, sse2, sse3, ssse3, sse4.1, sse4.2, popcnt, avx, avx2, aes, clmul, erms, 3dnowpref, lzcnt, ht, tsc, tscinvbit, bmi1, bmi2, adx, fma

Memory: 4k page, system-wide physical 8067M (298M free)
TotalPageFile size 13059M (AvailPageFile size 0M)
current process WorkingSet (physical memory assigned to process): 400M, peak: 422M
current process commit charge ("private bytes"): 466M, peak: 483M

vm_info: OpenJDK 64-Bit Server VM (11.0.15+0-b2043.56-9505619) for windows-amd64 JRE (11.0.15+0-b2043.56-9505619), built on Jan 19 2023 02:48:00 by "builduser" with unknown MS VC++:1929

END.
